<?xml version="1.0" encoding="UTF-8"?>
<testng-results skipped="0" failed="0" ignored="0" total="1" passed="1">
  <reporter-output>
  </reporter-output>
  <suite name="Suite" duration-ms="18568" started-at="2022-09-07T07:34:43 IST" finished-at="2022-09-07T07:35:02 IST">
    <groups>
    </groups>
    <test name="Test" duration-ms="18568" started-at="2022-09-07T07:34:43 IST" finished-at="2022-09-07T07:35:02 IST">
      <class name="pkg_mavenTestNg.SaucelabsAutomationTestNGTest">
        <test-method status="PASS" signature="setUp()[pri:0, instance:pkg_mavenTestNg.SaucelabsAutomationTestNGTest@1e965684]" name="setUp" is-config="true" duration-ms="4179" started-at="2022-09-07T07:34:43 IST" finished-at="2022-09-07T07:34:47 IST">
          <reporter-output>
          </reporter-output>
        </test-method> <!-- setUp -->
        <test-method status="PASS" signature="saucelabsAutomationTestNG()[pri:0, instance:pkg_mavenTestNg.SaucelabsAutomationTestNGTest@1e965684]" name="saucelabsAutomationTestNG" duration-ms="13036" started-at="2022-09-07T07:34:47 IST" finished-at="2022-09-07T07:35:00 IST">
          <reporter-output>
          </reporter-output>
        </test-method> <!-- saucelabsAutomationTestNG -->
        <test-method status="PASS" signature="tearDown()[pri:0, instance:pkg_mavenTestNg.SaucelabsAutomationTestNGTest@1e965684]" name="tearDown" is-config="true" duration-ms="1253" started-at="2022-09-07T07:35:00 IST" finished-at="2022-09-07T07:35:02 IST">
          <reporter-output>
          </reporter-output>
        </test-method> <!-- tearDown -->
      </class> <!-- pkg_mavenTestNg.SaucelabsAutomationTestNGTest -->
    </test> <!-- Test -->
  </suite> <!-- Suite -->
</testng-results>
